0 info it worked if it ends with ok
1 verbose cli [ '/usr/local/bin/node', '/usr/local/bin/npm', 'run', 'phantom' ]
2 info using npm@4.0.3
3 info using node@v7.1.0
4 verbose run-script [ 'prephantom', 'phantom', 'postphantom' ]
5 info lifecycle coe-project@~prephantom: coe-project@
6 silly lifecycle coe-project@~prephantom: no script for prephantom, continuing
7 info lifecycle coe-project@~phantom: coe-project@
8 verbose lifecycle coe-project@~phantom: unsafe-perm in lifecycle true
9 verbose lifecycle coe-project@~phantom: PATH: /usr/local/lib/node_modules/npm/bin/node-gyp-bin:/home/tensai/softdev/node_modules/.bin:/usr/local/heroku/bin:/usr/local/sbin:/usr/local/bin:/usr/sbin:/usr/bin:/sbin:/bin:/usr/games:/usr/local/games:/home/tensai/Android/Sdk/tools:/home/tensai/Android/Sdk/platform-tools
10 verbose lifecycle coe-project@~phantom: CWD: /home/tensai/softdev
11 silly lifecycle coe-project@~phantom: Args: [ '-c',
11 silly lifecycle   'meteor test --once --driver-package dispatch:mocha-phantomjs --unsafe-perm' ]
12 silly lifecycle coe-project@~phantom: Returned: code: 1  signal: null
13 info lifecycle coe-project@~phantom: Failed to exec phantom script
14 verbose stack Error: coe-project@ phantom: `meteor test --once --driver-package dispatch:mocha-phantomjs --unsafe-perm`
14 verbose stack Exit status 1
14 verbose stack     at EventEmitter.<anonymous> (/usr/local/lib/node_modules/npm/lib/utils/lifecycle.js:279:16)
14 verbose stack     at emitTwo (events.js:106:13)
14 verbose stack     at EventEmitter.emit (events.js:191:7)
14 verbose stack     at ChildProcess.<anonymous> (/usr/local/lib/node_modules/npm/lib/utils/spawn.js:40:14)
14 verbose stack     at emitTwo (events.js:106:13)
14 verbose stack     at ChildProcess.emit (events.js:191:7)
14 verbose stack     at maybeClose (internal/child_process.js:885:16)
14 verbose stack     at Process.ChildProcess._handle.onexit (internal/child_process.js:226:5)
15 verbose pkgid coe-project@
16 verbose cwd /home/tensai/softdev
17 error Linux 4.4.35-040435-generic
18 error argv "/usr/local/bin/node" "/usr/local/bin/npm" "run" "phantom"
19 error node v7.1.0
20 error npm  v4.0.3
21 error code ELIFECYCLE
22 error coe-project@ phantom: `meteor test --once --driver-package dispatch:mocha-phantomjs --unsafe-perm`
22 error Exit status 1
23 error Failed at the coe-project@ phantom script 'meteor test --once --driver-package dispatch:mocha-phantomjs --unsafe-perm'.
23 error Make sure you have the latest version of node.js and npm installed.
23 error If you do, this is most likely a problem with the coe-project package,
23 error not with npm itself.
23 error Tell the author that this fails on your system:
23 error     meteor test --once --driver-package dispatch:mocha-phantomjs --unsafe-perm
23 error You can get information on how to open an issue for this project with:
23 error     npm bugs coe-project
23 error Or if that isn't available, you can get their info via:
23 error     npm owner ls coe-project
23 error There is likely additional logging output above.
24 verbose exit [ 1, true ]
